{"D:\\GitReps\\#my-homeworks\\ajs-myhomeworks\\my-unit-test\\ajs-unit-my-mocking\\src\\js\\app.js": {"path":"D:\\GitReps\\#my-homeworks\\ajs-myhomeworks\\my-unit-test\\ajs-unit-my-mocking\\src\\js\\app.js","statementMap":{"0":{"start":{"line":5,"column":19},"end":{"line":5,"column":61}},"1":{"start":{"line":9,"column":2},"end":{"line":9,"column":30}},"2":{"start":{"line":13,"column":2},"end":{"line":15,"column":3}},"3":{"start":{"line":14,"column":4},"end":{"line":14,"column":48}},"4":{"start":{"line":16,"column":2},"end":{"line":16,"column":52}}},"fnMap":{"0":{"name":"getLevel","decl":{"start":{"line":4,"column":16},"end":{"line":4,"column":24}},"loc":{"start":{"line":4,"column":33},"end":{"line":10,"column":1}},"line":4},"1":{"name":"showLevel","decl":{"start":{"line":12,"column":16},"end":{"line":12,"column":25}},"loc":{"start":{"line":12,"column":32},"end":{"line":17,"column":1}},"line":12}},"branchMap":{"0":{"loc":{"start":{"line":13,"column":2},"end":{"line":15,"column":3}},"type":"if","locations":[{"start":{"line":13,"column":2},"end":{"line":15,"column":3}},{"start":{"line":13,"column":2},"end":{"line":15,"column":3}}],"line":13}},"s":{"0":1,"1":1,"2":2,"3":1,"4":1},"f":{"0":1,"1":2},"b":{"0":[1,1]},"_coverageSchema":"1a1c01bbd47fc00a2c39e90264f33305004495a9","hash":"d3e9c1720dbe45bf1362041234f4bb7db823f6d8"}
,"D:\\GitReps\\#my-homeworks\\ajs-myhomeworks\\my-unit-test\\ajs-unit-my-mocking\\src\\js\\http.js": {"path":"D:\\GitReps\\#my-homeworks\\ajs-myhomeworks\\my-unit-test\\ajs-unit-my-mocking\\src\\js\\http.js","statementMap":{"0":{"start":{"line":10,"column":2},"end":{"line":10,"column":32}}},"fnMap":{"0":{"name":"fetchData","decl":{"start":{"line":9,"column":24},"end":{"line":9,"column":33}},"loc":{"start":{"line":9,"column":39},"end":{"line":11,"column":1}},"line":9}},"branchMap":{},"s":{"0":0},"f":{"0":0},"b":{},"_coverageSchema":"1a1c01bbd47fc00a2c39e90264f33305004495a9","hash":"7108df43ce9a9e8d73b43966b604b97926431adc"}
}
